This is pdfTeX, Version 3.141592653-2.6-1.40.22 (TeX Live 2022/dev/Debian) (preloaded format=pdflatex 2024.5.12)  30 JUN 2024 11:35
entering extended mode
 restricted \write18 enabled.
 file:line:error style messages enabled.
 %&-line parsing enabled.
**/home/fabien/Documents/GitHub/ZoneNSI.md/site/NSI/Premiere/C05/OS_Linux_RaspberryPi.tex
(/home/fabien/Documents/GitHub/ZoneNSI.md/site/NSI/Premiere/C05/OS_Linux_RaspberryPi.tex
LaTeX2e <2021-11-15> patch level 1
L3 programming layer <2022-01-21> (/usr/share/texlive/texmf-dist/tex/latex/base/article.cls
Document Class: article 2021/10/04 v1.4n Standard LaTeX document class
(/usr/share/texlive/texmf-dist/tex/latex/base/size12.clo
File: size12.clo 2021/10/04 v1.4n Standard LaTeX file (size option)
)
\c@part=\count185
\c@section=\count186
\c@subsection=\count187
\c@subsubsection=\count188
\c@paragraph=\count189
\c@subparagraph=\count190
\c@figure=\count191
\c@table=\count192
\abovecaptionskip=\skip47
\belowcaptionskip=\skip48
\bibindent=\dimen138
)

! LaTeX Error: File `../../preambule.tex' not found.

Type X to quit or <RETURN> to proceed,
or enter new name. (Default extension: tex)

Enter file name: 
/home/fabien/Documents/GitHub/ZoneNSI.md/site/NSI/Premiere/C05/OS_Linux_RaspberryPi.tex:4: Emergency stop.
<read *> 
         
l.4 \input{../../preambule.tex}
                               ^^M
*** (cannot \read from terminal in nonstop modes)

 
Here is how much of TeX's memory you used:
 233 strings out of 480104
 3197 string characters out of 5892285
 287292 words of memory out of 5000000
 18288 multiletter control sequences out of 15000+600000
 469557 words of font info for 29 fonts, out of 8000000 for 9000
 81 hyphenation exceptions out of 8191
 33i,0n,38p,227b,36s stack positions out of 5000i,500n,10000p,200000b,80000s
/home/fabien/Documents/GitHub/ZoneNSI.md/site/NSI/Premiere/C05/OS_Linux_RaspberryPi.tex:4:  ==> Fatal error occurred, no output PDF file produced!
